2022-07-07 09:54:57,056 - pyswarms.single.global_best - INFO - Optimize for 1000 iters with {'c1': 0.5, 'c2': 0.3, 'w': 0.9}
2022-07-07 09:54:57,621 - pyswarms.single.global_best - INFO - Optimization finished | best cost: 8.449055262818316e-45, best pos: [7.95848513e-23 4.59924636e-23]
2022-07-07 09:54:59,911 - matplotlib.animation - WARNING - MovieWriter ffmpeg unavailable; using Pillow instead.
2022-07-07 09:54:59,912 - matplotlib.animation - INFO - Animation.save using <class 'matplotlib.animation.PillowWriter'>
2022-07-07 10:24:40,117 - pyswarms.single.global_best - INFO - Optimize for 1000 iters with {'c1': 0.5, 'c2': 0.3, 'w': 0.9}
2022-07-07 10:24:40,716 - pyswarms.single.global_best - INFO - Optimization finished | best cost: 6.571721135313741e-46, best pos: [ 1.08561465e-23 -2.32231823e-23]
2022-07-07 10:24:43,034 - matplotlib.animation - WARNING - MovieWriter ffmpeg unavailable; using Pillow instead.
2022-07-07 10:24:43,035 - matplotlib.animation - INFO - Animation.save using <class 'matplotlib.animation.PillowWriter'>
2022-07-07 10:26:19,037 - pyswarms.single.global_best - INFO - Optimize for 1000 iters with {'c1': 0.5, 'c2': 0.3, 'w': 0.9}
2022-07-07 10:26:19,663 - pyswarms.single.global_best - INFO - Optimization finished | best cost: 8.831996680366166e-44, best pos: [-2.29319694e-22 -1.89030274e-22]
2022-07-07 10:26:21,974 - matplotlib.animation - WARNING - MovieWriter ffmpeg unavailable; using Pillow instead.
2022-07-07 10:26:21,975 - matplotlib.animation - INFO - Animation.save using <class 'matplotlib.animation.PillowWriter'>
2022-07-07 10:28:29,725 - pyswarms.single.global_best - INFO - Optimize for 1000 iters with {'c1': 0.5, 'c2': 0.3, 'w': 0.9}
2022-07-07 10:28:30,296 - pyswarms.single.global_best - INFO - Optimization finished | best cost: 7.895460015102095e-48, best pos: [-1.56817595e-26 -2.80984236e-24]
2022-07-07 10:28:32,892 - matplotlib.animation - WARNING - MovieWriter ffmpeg unavailable; using Pillow instead.
2022-07-07 10:28:32,893 - matplotlib.animation - INFO - Animation.save using <class 'matplotlib.animation.PillowWriter'>
2022-07-07 10:34:38,534 - pyswarms.single.global_best - INFO - Optimize for 100 iters with {'c1': 0.5, 'c2': 0.3, 'w': 0.9}
2022-07-07 10:34:38,601 - pyswarms.single.global_best - INFO - Optimization finished | best cost: 1.8044402511718244e-08, best pos: [ 4.91281844e-05 -1.25023294e-04]
2022-07-07 10:35:02,108 - pyswarms.single.global_best - INFO - Optimize for 100 iters with {'c1': 0.5, 'c2': 0.3, 'w': 0.9}
2022-07-07 10:35:02,174 - pyswarms.single.global_best - INFO - Optimization finished | best cost: 1.9921505870445092e-09, best pos: [3.95269824e-05 2.07308525e-05]
2022-07-07 10:35:45,479 - pyswarms.single.global_best - INFO - Optimize for 100 iters with {'c1': 0.5, 'c2': 0.3, 'w': 0.9}
2022-07-07 10:35:45,547 - pyswarms.single.global_best - INFO - Optimization finished | best cost: 1.379822018833458e-08, best pos: [-1.12755395e-04  3.29308543e-05]
2022-07-07 10:35:47,846 - matplotlib.animation - WARNING - MovieWriter imagemagick unavailable; using Pillow instead.
2022-07-07 10:35:47,847 - matplotlib.animation - INFO - Animation.save using <class 'matplotlib.animation.PillowWriter'>
2022-07-07 10:37:26,663 - pyswarms.single.global_best - INFO - Optimize for 100 iters with {'c1': 0.5, 'c2': 0.3, 'w': 0.9}
2022-07-07 10:37:26,729 - pyswarms.single.global_best - INFO - Optimization finished | best cost: 1.3094565800463606e-08, best pos: [ 7.90834854e-05 -8.27065181e-05]
2022-07-07 10:37:29,110 - matplotlib.animation - WARNING - MovieWriter imagemagick unavailable; using Pillow instead.
2022-07-07 10:37:29,111 - matplotlib.animation - INFO - Animation.save using <class 'matplotlib.animation.PillowWriter'>
2022-07-07 10:37:39,356 - matplotlib.animation - WARNING - MovieWriter imagemagick unavailable; using Pillow instead.
2022-07-07 10:37:39,357 - matplotlib.animation - INFO - Animation.save using <class 'matplotlib.animation.PillowWriter'>
2022-07-07 10:43:55,057 - pyswarms.single.global_best - INFO - Optimize for 1000 iters with {'c1': 0.5, 'c2': 0.3, 'w': 0.9}
2022-07-07 10:43:55,622 - pyswarms.single.global_best - INFO - Optimization finished | best cost: 0.0, best pos: [1. 1.]
2022-07-07 10:43:58,009 - matplotlib.animation - WARNING - MovieWriter imagemagick unavailable; using Pillow instead.
2022-07-07 10:43:58,010 - matplotlib.animation - INFO - Animation.save using <class 'matplotlib.animation.PillowWriter'>
2022-07-07 10:45:34,236 - matplotlib.animation - WARNING - MovieWriter imagemagick unavailable; using Pillow instead.
2022-07-07 10:45:34,237 - matplotlib.animation - INFO - Animation.save using <class 'matplotlib.animation.PillowWriter'>
2022-07-07 10:57:11,688 - pyswarms.single.global_best - INFO - Optimize for 1000 iters with {'c1': 0.5, 'c2': 0.3, 'w': 0.9}
2022-07-07 10:57:23,402 - pyswarms.single.global_best - INFO - Optimize for 1000 iters with {'c1': 0.5, 'c2': 0.3, 'w': 0.9}
2022-07-07 11:02:13,402 - pyswarms.single.global_best - INFO - Optimize for 1000 iters with {'c1': 0.5, 'c2': 0.3, 'w': 0.9}
2022-07-07 11:03:51,349 - pyswarms.single.global_best - INFO - Optimize for 1000 iters with {'c1': 0.5, 'c2': 0.3, 'w': 0.9}
2022-07-07 11:05:25,865 - pyswarms.single.global_best - INFO - Optimize for 1000 iters with {'c1': 0.5, 'c2': 0.3, 'w': 0.9}
2022-07-07 11:05:26,447 - pyswarms.single.global_best - INFO - Optimization finished | best cost: -1.0316284534898779, best pos: [-0.08984201  0.7126564 ]
2022-07-07 11:05:28,784 - matplotlib.animation - WARNING - MovieWriter imagemagick unavailable; using Pillow instead.
2022-07-07 11:05:28,785 - matplotlib.animation - INFO - Animation.save using <class 'matplotlib.animation.PillowWriter'>
2022-07-07 11:07:03,208 - matplotlib.animation - WARNING - MovieWriter imagemagick unavailable; using Pillow instead.
2022-07-07 11:07:03,209 - matplotlib.animation - INFO - Animation.save using <class 'matplotlib.animation.PillowWriter'>
2022-07-07 11:20:03,793 - pyswarms.single.global_best - INFO - Optimize for 1000 iters with {'c1': 0.5, 'c2': 0.3, 'w': 0.9}
2022-07-07 11:20:04,397 - pyswarms.single.global_best - INFO - Optimization finished | best cost: -1.0316284534898779, best pos: [-0.08984202  0.7126564 ]
2022-07-07 11:20:07,174 - matplotlib.animation - WARNING - MovieWriter imagemagick unavailable; using Pillow instead.
2022-07-07 11:20:07,176 - matplotlib.animation - INFO - Animation.save using <class 'matplotlib.animation.PillowWriter'>
2022-07-07 11:22:26,587 - matplotlib.animation - WARNING - MovieWriter imagemagick unavailable; using Pillow instead.
2022-07-07 11:22:26,588 - matplotlib.animation - INFO - Animation.save using <class 'matplotlib.animation.PillowWriter'>
